<?xml version="1.0" encoding="UTF-8"?>
<!-- Generated by org.testng.reporters.JUnitReportReporter -->
<testsuite hostname="DESKTOP-V98FR5C" failures="0" tests="9" name="com.cnm.report.ExtentReportsWithTestNG" time="0.057" errors="0" timestamp="2024-07-13T22:46:55 BDT" skipped="0">
  <testcase classname="com.cnm.report.ExtentReportsWithTestNG" name="ActionTest" time="0.012"/>
  <testcase classname="com.cnm.report.ExtentReportsWithTestNG" name="NonConformanceTest" time="0.002"/>
  <testcase classname="com.cnm.report.ExtentReportsWithTestNG" name="MaintainSettingTest" time="0.003"/>
  <testcase classname="com.cnm.report.ExtentReportsWithTestNG" name="ChangePasswordTest" time="0.005"/>
  <testcase classname="com.cnm.report.ExtentReportsWithTestNG" name="ActSettingTest" time="0.020"/>
  <testcase classname="com.cnm.report.ExtentReportsWithTestNG" name="ProfileTest" time="0.004"/>
  <testcase classname="com.cnm.report.ExtentReportsWithTestNG" name="LogoutTest" time="0.005"/>
  <testcase classname="com.cnm.report.ExtentReportsWithTestNG" name="AssetTest" time="0.004"/>
  <testcase classname="com.cnm.report.ExtentReportsWithTestNG" name="setUpTest" time="0.002"/>
</testsuite> <!-- com.cnm.report.ExtentReportsWithTestNG -->
